[2021-05-26 23:23:38.795518] [info] SERVER STARTING...
[2021-05-26 23:23:38.829426] [info] Worker processes (3) successfully started
[2021-05-26 23:23:49.579815] [info] New connection [METHOD GET] [URL /index.html] [WORKER PID 8169] [CLIENT SOCKET 2]
[2021-05-26 23:23:49.602467] [info] Connection finished successfully [WORKER PID 8169] [CLIENT SOCKET 2]
[2021-05-26 23:23:49.607937] [info] New connection [METHOD GET] [URL /style.css] [WORKER PID 8170] [CLIENT SOCKET 2]
[2021-05-26 23:23:49.633685] [info] Connection finished successfully [WORKER PID 8170] [CLIENT SOCKET 2]
[2021-05-26 23:23:49.634068] [info] New connection [METHOD GET] [URL /fonts.css] [WORKER PID 8170] [CLIENT SOCKET 4]
[2021-05-26 23:23:49.640003] [info] Connection finished successfully [WORKER PID 8170] [CLIENT SOCKET 4]
[2021-05-26 23:23:49.655141] [info] New connection [METHOD GET] [URL /img/logo.png] [WORKER PID 8171] [CLIENT SOCKET 2]
[2021-05-26 23:23:49.671781] [info] Connection finished successfully [WORKER PID 8171] [CLIENT SOCKET 2]
[2021-05-26 23:23:49.681674] [info] New connection [METHOD GET] [URL /img/shield.png] [WORKER PID 8171] [CLIENT SOCKET 2]
[2021-05-26 23:23:49.684288] [info] Connection finished successfully [WORKER PID 8171] [CLIENT SOCKET 2]
[2021-05-26 23:23:49.688720] [info] New connection [METHOD GET] [URL /img/icon_projects.png] [WORKER PID 8170] [CLIENT SOCKET 4]
[2021-05-26 23:23:49.689058] [info] New connection [METHOD GET] [URL /img/project_block1.png] [WORKER PID 8171] [CLIENT SOCKET 2]
[2021-05-26 23:23:49.690450] [info] Connection finished successfully [WORKER PID 8170] [CLIENT SOCKET 4]
[2021-05-26 23:23:49.696095] [info] New connection [METHOD GET] [URL /img/team_photo1.png] [WORKER PID 8169] [CLIENT SOCKET 2]
[2021-05-26 23:23:49.696751] [info] New connection [METHOD GET] [URL /img/mail_icon.png] [WORKER PID 8170] [CLIENT SOCKET 4]
[2021-05-26 23:23:49.697759] [info] Connection finished successfully [WORKER PID 8170] [CLIENT SOCKET 4]
[2021-05-26 23:23:49.699954] [info] New connection [METHOD GET] [URL /img/team_photo2.png] [WORKER PID 8170] [CLIENT SOCKET 4]
[2021-05-26 23:23:49.722721] [info] Connection finished successfully [WORKER PID 8171] [CLIENT SOCKET 2]
[2021-05-26 23:23:49.722986] [info] New connection [METHOD GET] [URL /img/project_block2.png] [WORKER PID 8171] [CLIENT SOCKET 6]
[2021-05-26 23:23:49.741884] [info] Connection finished successfully [WORKER PID 8171] [CLIENT SOCKET 6]
[2021-05-26 23:23:49.742168] [info] New connection [METHOD GET] [URL /img/project_block3.png] [WORKER PID 8171] [CLIENT SOCKET 7]
[2021-05-26 23:23:49.754764] [info] Connection finished successfully [WORKER PID 8171] [CLIENT SOCKET 7]
[2021-05-26 23:23:49.755104] [info] New connection [METHOD GET] [URL /img/red_line2.png] [WORKER PID 8171] [CLIENT SOCKET 8]
[2021-05-26 23:23:49.760561] [info] Connection finished successfully [WORKER PID 8169] [CLIENT SOCKET 2]
[2021-05-26 23:23:49.765250] [info] Connection finished successfully [WORKER PID 8171] [CLIENT SOCKET 8]
[2021-05-26 23:23:49.773146] [info] New connection [METHOD GET] [URL /img/header_background.jpg] [WORKER PID 8169] [CLIENT SOCKET 2]
[2021-05-26 23:23:49.773146] [info] New connection [METHOD GET] [URL /img/button1.png] [WORKER PID 8171] [CLIENT SOCKET 8]
[2021-05-26 23:23:49.775266] [info] Connection finished successfully [WORKER PID 8171] [CLIENT SOCKET 8]
[2021-05-26 23:23:49.780836] [info] New connection [METHOD GET] [URL /fonts/Gilroy-Bold.otf] [WORKER PID 8171] [CLIENT SOCKET 8]
[2021-05-26 23:23:49.781454] [error] 404 NOT FOUND [WORKER PID 8171] [CLIENT SOCKET 8]
[2021-05-26 23:23:49.781738] [info] Connection finished successfully [WORKER PID 8171] [CLIENT SOCKET 8]
[2021-05-26 23:23:49.785111] [info] Connection finished successfully [WORKER PID 8170] [CLIENT SOCKET 4]
[2021-05-26 23:23:49.785243] [info] New connection [METHOD GET] [URL /img/arrows_right.png] [WORKER PID 8171] [CLIENT SOCKET 8]
[2021-05-26 23:23:49.785354] [info] New connection [METHOD GET] [URL /img/arrows_left.png] [WORKER PID 8170] [CLIENT SOCKET 4]
[2021-05-26 23:23:49.786132] [info] Connection finished successfully [WORKER PID 8171] [CLIENT SOCKET 8]
[2021-05-26 23:23:49.786349] [info] New connection [METHOD GET] [URL /fonts/Gilroy-Light.woff] [WORKER PID 8171] [CLIENT SOCKET 8]
[2021-05-26 23:23:49.786795] [error] 404 NOT FOUND [WORKER PID 8171] [CLIENT SOCKET 8]
[2021-05-26 23:23:49.787070] [info] Connection finished successfully [WORKER PID 8171] [CLIENT SOCKET 8]
[2021-05-26 23:23:49.787272] [info] New connection [METHOD GET] [URL /fonts/Gilroy-Regular.otf] [WORKER PID 8171] [CLIENT SOCKET 8]
[2021-05-26 23:23:49.787708] [error] 404 NOT FOUND [WORKER PID 8171] [CLIENT SOCKET 8]
[2021-05-26 23:23:49.787964] [info] Connection finished successfully [WORKER PID 8171] [CLIENT SOCKET 8]
[2021-05-26 23:23:49.789661] [info] New connection [METHOD GET] [URL /fonts/Gilroy-SemiBold.otf] [WORKER PID 8171] [CLIENT SOCKET 8]
[2021-05-26 23:23:49.790155] [error] 404 NOT FOUND [WORKER PID 8171] [CLIENT SOCKET 8]
[2021-05-26 23:23:49.790395] [info] Connection finished successfully [WORKER PID 8171] [CLIENT SOCKET 8]
[2021-05-26 23:23:49.795892] [info] New connection [METHOD GET] [URL /fonts/Gilroy-Medium.otf] [WORKER PID 8171] [CLIENT SOCKET 8]
[2021-05-26 23:23:49.796377] [error] 404 NOT FOUND [WORKER PID 8171] [CLIENT SOCKET 8]
[2021-05-26 23:23:49.796654] [info] Connection finished successfully [WORKER PID 8171] [CLIENT SOCKET 8]
[2021-05-26 23:23:49.802521] [info] Connection finished successfully [WORKER PID 8170] [CLIENT SOCKET 4]
[2021-05-26 23:23:49.802791] [info] New connection [METHOD GET] [URL /img/team_photo3.png] [WORKER PID 8170] [CLIENT SOCKET 4]
[2021-05-26 23:23:49.805111] [info] New connection [METHOD GET] [URL /img/red_line3.png] [WORKER PID 8171] [CLIENT SOCKET 8]
[2021-05-26 23:23:49.805916] [info] Connection finished successfully [WORKER PID 8171] [CLIENT SOCKET 8]
[2021-05-26 23:23:49.807007] [info] New connection [METHOD GET] [URL /img/books_icon.png] [WORKER PID 8171] [CLIENT SOCKET 8]
[2021-05-26 23:23:49.808416] [info] Connection finished successfully [WORKER PID 8171] [CLIENT SOCKET 8]
[2021-05-26 23:23:49.817237] [info] New connection [METHOD GET] [URL /img/home_icon.png] [WORKER PID 8171] [CLIENT SOCKET 8]
[2021-05-26 23:23:49.818549] [info] Connection finished successfully [WORKER PID 8171] [CLIENT SOCKET 8]
[2021-05-26 23:23:49.823703] [info] New connection [METHOD GET] [URL /img/rost_icon.png] [WORKER PID 8171] [CLIENT SOCKET 8]
[2021-05-26 23:23:49.825010] [info] Connection finished successfully [WORKER PID 8171] [CLIENT SOCKET 8]
[2021-05-26 23:23:49.830129] [info] New connection [METHOD GET] [URL /img/logo2.png] [WORKER PID 8171] [CLIENT SOCKET 8]
[2021-05-26 23:23:49.836325] [info] Connection finished successfully [WORKER PID 8171] [CLIENT SOCKET 8]
[2021-05-26 23:23:49.838830] [info] New connection [METHOD GET] [URL /img/button4.png] [WORKER PID 8171] [CLIENT SOCKET 8]
[2021-05-26 23:23:49.844231] [info] Connection finished successfully [WORKER PID 8171] [CLIENT SOCKET 8]
[2021-05-26 23:23:49.844494] [info] New connection [METHOD GET] [URL /img/clients_icon.png] [WORKER PID 8171] [CLIENT SOCKET 8]
[2021-05-26 23:23:49.851523] [info] Connection finished successfully [WORKER PID 8170] [CLIENT SOCKET 4]
[2021-05-26 23:23:49.851800] [info] New connection [METHOD GET] [URL /img/red_line.png] [WORKER PID 8170] [CLIENT SOCKET 4]
[2021-05-26 23:23:49.852581] [info] Connection finished successfully [WORKER PID 8170] [CLIENT SOCKET 4]
[2021-05-26 23:23:49.858401] [info] Connection finished successfully [WORKER PID 8171] [CLIENT SOCKET 8]
[2021-05-26 23:23:49.860910] [info] New connection [METHOD GET] [URL /img/decision_background.png] [WORKER PID 8170] [CLIENT SOCKET 4]
[2021-05-26 23:23:49.865768] [info] New connection [METHOD GET] [URL /img/button2.png] [WORKER PID 8171] [CLIENT SOCKET 8]
[2021-05-26 23:23:49.868086] [info] Connection finished successfully [WORKER PID 8171] [CLIENT SOCKET 8]
[2021-05-26 23:23:49.885801] [info] New connection [METHOD GET] [URL /img/arrow_left2.png] [WORKER PID 8171] [CLIENT SOCKET 8]
[2021-05-26 23:23:49.886760] [info] Connection finished successfully [WORKER PID 8171] [CLIENT SOCKET 8]
[2021-05-26 23:23:49.886984] [info] New connection [METHOD GET] [URL /img/arrow_right2.png] [WORKER PID 8171] [CLIENT SOCKET 26]
[2021-05-26 23:23:49.887850] [info] Connection finished successfully [WORKER PID 8171] [CLIENT SOCKET 26]
[2021-05-26 23:23:49.888048] [info] New connection [METHOD GET] [URL /fonts/Gilroy-Light.ttf] [WORKER PID 8171] [CLIENT SOCKET 27]
[2021-05-26 23:23:49.888503] [error] 404 NOT FOUND [WORKER PID 8171] [CLIENT SOCKET 27]
[2021-05-26 23:23:49.888742] [info] Connection finished successfully [WORKER PID 8171] [CLIENT SOCKET 27]
[2021-05-26 23:23:49.901026] [info] New connection [METHOD GET] [URL /img/project_background.jpg] [WORKER PID 8171] [CLIENT SOCKET 27]
[2021-05-26 23:23:50.018084] [info] Connection finished successfully [WORKER PID 8171] [CLIENT SOCKET 27]
[2021-05-26 23:23:50.018558] [info] New connection [METHOD GET] [URL /img/news_head_photo.png] [WORKER PID 8171] [CLIENT SOCKET 27]
[2021-05-26 23:23:50.331596] [info] Connection finished successfully [WORKER PID 8170] [CLIENT SOCKET 4]
[2021-05-26 23:23:50.332309] [info] New connection [METHOD GET] [URL /img/all_place_button.png] [WORKER PID 8170] [CLIENT SOCKET 4]
[2021-05-26 23:23:50.336663] [info] Connection finished successfully [WORKER PID 8170] [CLIENT SOCKET 4]
[2021-05-26 23:23:50.336928] [info] New connection [METHOD GET] [URL /img/vacansies_background.png] [WORKER PID 8170] [CLIENT SOCKET 4]
[2021-05-26 23:23:50.366149] [info] Connection finished successfully [WORKER PID 8171] [CLIENT SOCKET 27]
[2021-05-26 23:23:50.366408] [info] New connection [METHOD GET] [URL /img/all_news_button.png] [WORKER PID 8171] [CLIENT SOCKET 30]
[2021-05-26 23:23:50.369178] [info] Connection finished successfully [WORKER PID 8171] [CLIENT SOCKET 30]
[2021-05-26 23:23:50.369441] [info] New connection [METHOD GET] [URL /img/arrow_right3.png] [WORKER PID 8171] [CLIENT SOCKET 30]
[2021-05-26 23:23:50.370375] [info] Connection finished successfully [WORKER PID 8171] [CLIENT SOCKET 30]
[2021-05-26 23:23:50.371521] [info] New connection [METHOD GET] [URL /img/arrow_left3.png] [WORKER PID 8171] [CLIENT SOCKET 30]
[2021-05-26 23:23:50.373504] [info] Connection finished successfully [WORKER PID 8171] [CLIENT SOCKET 30]
[2021-05-26 23:23:50.380293] [info] New connection [METHOD GET] [URL /img/academy_background.png] [WORKER PID 8171] [CLIENT SOCKET 30]
[2021-05-26 23:23:50.553379] [info] Connection finished successfully [WORKER PID 8169] [CLIENT SOCKET 2]
[2021-05-26 23:23:50.553640] [info] New connection [METHOD GET] [URL /img/academy_img1.png] [WORKER PID 8169] [CLIENT SOCKET 2]
[2021-05-26 23:23:50.879037] [info] Connection finished successfully [WORKER PID 8169] [CLIENT SOCKET 2]
[2021-05-26 23:23:50.879322] [info] New connection [METHOD GET] [URL /img/academy_img2.png] [WORKER PID 8169] [CLIENT SOCKET 2]
[2021-05-26 23:23:51.117075] [info] Connection finished successfully [WORKER PID 8170] [CLIENT SOCKET 4]
[2021-05-26 23:23:51.121054] [info] New connection [METHOD GET] [URL /img/arrow_left4.png] [WORKER PID 8170] [CLIENT SOCKET 4]
[2021-05-26 23:23:51.121979] [info] Connection finished successfully [WORKER PID 8170] [CLIENT SOCKET 4]
[2021-05-26 23:23:51.134199] [info] Connection finished successfully [WORKER PID 8169] [CLIENT SOCKET 2]
[2021-05-26 23:23:51.134454] [info] New connection [METHOD GET] [URL /img/arrow_right4.png] [WORKER PID 8169] [CLIENT SOCKET 2]
[2021-05-26 23:23:51.135343] [info] Connection finished successfully [WORKER PID 8169] [CLIENT SOCKET 2]
[2021-05-26 23:23:51.266451] [info] Connection finished successfully [WORKER PID 8171] [CLIENT SOCKET 30]
[2021-05-26 23:23:51.266725] [info] New connection [METHOD GET] [URL /img/our_offices.png] [WORKER PID 8171] [CLIENT SOCKET 30]
[2021-05-26 23:23:51.524956] [info] Connection finished successfully [WORKER PID 8171] [CLIENT SOCKET 30]
[2021-05-26 23:24:30.096448] [info] New connection [METHOD GET] [URL /index.html] [WORKER PID 8169] [CLIENT SOCKET 2]
[2021-05-26 23:24:30.111601] [info] Connection finished successfully [WORKER PID 8169] [CLIENT SOCKET 2]
[2021-05-26 23:24:30.142137] [info] New connection [METHOD GET] [URL /style.css] [WORKER PID 8170] [CLIENT SOCKET 4]
[2021-05-26 23:24:30.143098] [info] New connection [METHOD GET] [URL /fonts.css] [WORKER PID 8171] [CLIENT SOCKET 30]
[2021-05-26 23:24:30.144024] [info] Connection finished successfully [WORKER PID 8171] [CLIENT SOCKET 30]
[2021-05-26 23:24:30.166431] [info] Connection finished successfully [WORKER PID 8170] [CLIENT SOCKET 4]
[2021-05-26 23:24:30.169845] [info] New connection [METHOD GET] [URL /img/logo.png] [WORKER PID 8170] [CLIENT SOCKET 4]
[2021-05-26 23:24:30.183440] [info] Connection finished successfully [WORKER PID 8170] [CLIENT SOCKET 4]
[2021-05-26 23:24:30.188369] [info] New connection [METHOD GET] [URL /img/shield.png] [WORKER PID 8171] [CLIENT SOCKET 30]
[2021-05-26 23:24:30.190986] [info] Connection finished successfully [WORKER PID 8171] [CLIENT SOCKET 30]
[2021-05-26 23:24:30.191215] [info] New connection [METHOD GET] [URL /img/icon_projects.png] [WORKER PID 8171] [CLIENT SOCKET 37]
[2021-05-26 23:24:30.192427] [info] Connection finished successfully [WORKER PID 8171] [CLIENT SOCKET 37]
[2021-05-26 23:24:30.192652] [info] New connection [METHOD GET] [URL /img/project_block1.png] [WORKER PID 8171] [CLIENT SOCKET 38]
[2021-05-26 23:24:30.193188] [info] New connection [METHOD GET] [URL /img/team_photo1.png] [WORKER PID 8170] [CLIENT SOCKET 4]
[2021-05-26 23:24:30.201066] [info] New connection [METHOD GET] [URL /img/mail_icon.png] [WORKER PID 8169] [CLIENT SOCKET 2]
[2021-05-26 23:24:30.201959] [info] Connection finished successfully [WORKER PID 8169] [CLIENT SOCKET 2]
[2021-05-26 23:24:30.203768] [info] New connection [METHOD GET] [URL /img/team_photo2.png] [WORKER PID 8169] [CLIENT SOCKET 2]
[2021-05-26 23:24:30.247492] [info] Connection finished successfully [WORKER PID 8170] [CLIENT SOCKET 4]
[2021-05-26 23:24:30.258021] [info] New connection [METHOD GET] [URL /img/team_photo3.png] [WORKER PID 8170] [CLIENT SOCKET 4]
[2021-05-26 23:24:30.261102] [info] Connection finished successfully [WORKER PID 8171] [CLIENT SOCKET 38]
[2021-05-26 23:24:30.261339] [info] New connection [METHOD GET] [URL /img/project_block2.png] [WORKER PID 8171] [CLIENT SOCKET 39]
[2021-05-26 23:24:30.295437] [info] Connection finished successfully [WORKER PID 8169] [CLIENT SOCKET 2]
[2021-05-26 23:24:30.295707] [info] New connection [METHOD GET] [URL /img/red_line3.png] [WORKER PID 8169] [CLIENT SOCKET 2]
[2021-05-26 23:24:30.296543] [info] Connection finished successfully [WORKER PID 8169] [CLIENT SOCKET 2]
[2021-05-26 23:24:30.296780] [info] New connection [METHOD GET] [URL /img/header_background.jpg] [WORKER PID 8169] [CLIENT SOCKET 2]
[2021-05-26 23:24:30.301042] [info] Connection finished successfully [WORKER PID 8171] [CLIENT SOCKET 39]
[2021-05-26 23:24:30.301231] [info] Connection finished successfully [WORKER PID 8170] [CLIENT SOCKET 4]
[2021-05-26 23:24:30.301305] [info] New connection [METHOD GET] [URL /img/project_block3.png] [WORKER PID 8171] [CLIENT SOCKET 40]
[2021-05-26 23:24:30.301467] [info] New connection [METHOD GET] [URL /img/button1.png] [WORKER PID 8170] [CLIENT SOCKET 4]
[2021-05-26 23:24:30.303507] [info] Connection finished successfully [WORKER PID 8170] [CLIENT SOCKET 4]
[2021-05-26 23:24:30.306532] [info] New connection [METHOD GET] [URL /img/arrows_right.png] [WORKER PID 8170] [CLIENT SOCKET 4]
[2021-05-26 23:24:30.308223] [info] Connection finished successfully [WORKER PID 8170] [CLIENT SOCKET 4]
[2021-05-26 23:24:30.308451] [info] New connection [METHOD GET] [URL /img/arrows_left.png] [WORKER PID 8170] [CLIENT SOCKET 4]
[2021-05-26 23:24:30.314793] [info] Connection finished successfully [WORKER PID 8171] [CLIENT SOCKET 40]
[2021-05-26 23:24:30.325513] [info] New connection [METHOD GET] [URL /img/red_line2.png] [WORKER PID 8171] [CLIENT SOCKET 41]
[2021-05-26 23:24:30.326354] [info] Connection finished successfully [WORKER PID 8171] [CLIENT SOCKET 41]
[2021-05-26 23:24:30.326599] [info] New connection [METHOD GET] [URL /img/books_icon.png] [WORKER PID 8171] [CLIENT SOCKET 41]
[2021-05-26 23:24:30.328037] [info] Connection finished successfully [WORKER PID 8171] [CLIENT SOCKET 41]
[2021-05-26 23:24:30.329721] [info] Connection finished successfully [WORKER PID 8170] [CLIENT SOCKET 4]
[2021-05-26 23:24:30.329952] [info] New connection [METHOD GET] [URL /img/home_icon.png] [WORKER PID 8170] [CLIENT SOCKET 4]
[2021-05-26 23:24:30.331149] [info] Connection finished successfully [WORKER PID 8170] [CLIENT SOCKET 4]
[2021-05-26 23:24:30.346168] [info] New connection [METHOD GET] [URL /fonts/Gilroy-Bold.otf] [WORKER PID 8170] [CLIENT SOCKET 4]
[2021-05-26 23:24:30.346185] [info] New connection [METHOD GET] [URL /fonts/Gilroy-Light.woff] [WORKER PID 8171] [CLIENT SOCKET 41]
[2021-05-26 23:24:30.346681] [error] 404 NOT FOUND [WORKER PID 8171] [CLIENT SOCKET 41]
[2021-05-26 23:24:30.346745] [error] 404 NOT FOUND [WORKER PID 8170] [CLIENT SOCKET 4]
[2021-05-26 23:24:30.346970] [info] Connection finished successfully [WORKER PID 8171] [CLIENT SOCKET 41]
[2021-05-26 23:24:30.347014] [info] Connection finished successfully [WORKER PID 8170] [CLIENT SOCKET 4]
[2021-05-26 23:24:30.347171] [info] New connection [METHOD GET] [URL /fonts/Gilroy-Regular.otf] [WORKER PID 8171] [CLIENT SOCKET 44]
[2021-05-26 23:24:30.347698] [error] 404 NOT FOUND [WORKER PID 8171] [CLIENT SOCKET 44]
[2021-05-26 23:24:30.347941] [info] Connection finished successfully [WORKER PID 8171] [CLIENT SOCKET 44]
[2021-05-26 23:24:30.348157] [info] New connection [METHOD GET] [URL /img/rost_icon.png] [WORKER PID 8171] [CLIENT SOCKET 45]
[2021-05-26 23:24:30.349543] [info] Connection finished successfully [WORKER PID 8171] [CLIENT SOCKET 45]
[2021-05-26 23:24:30.349790] [info] New connection [METHOD GET] [URL /img/logo2.png] [WORKER PID 8171] [CLIENT SOCKET 46]
[2021-05-26 23:24:30.354838] [info] Connection finished successfully [WORKER PID 8171] [CLIENT SOCKET 46]
[2021-05-26 23:24:30.358718] [info] New connection [METHOD GET] [URL /fonts/Gilroy-SemiBold.otf] [WORKER PID 8170] [CLIENT SOCKET 4]
[2021-05-26 23:24:30.359204] [error] 404 NOT FOUND [WORKER PID 8170] [CLIENT SOCKET 4]
[2021-05-26 23:24:30.359468] [info] Connection finished successfully [WORKER PID 8170] [CLIENT SOCKET 4]
[2021-05-26 23:24:30.359676] [info] New connection [METHOD GET] [URL /fonts/Gilroy-Medium.otf] [WORKER PID 8170] [CLIENT SOCKET 4]
[2021-05-26 23:24:30.360136] [error] 404 NOT FOUND [WORKER PID 8170] [CLIENT SOCKET 4]
[2021-05-26 23:24:30.360386] [info] Connection finished successfully [WORKER PID 8170] [CLIENT SOCKET 4]
[2021-05-26 23:24:30.360594] [info] New connection [METHOD GET] [URL /img/button4.png] [WORKER PID 8170] [CLIENT SOCKET 27]
[2021-05-26 23:24:30.365033] [info] New connection [METHOD GET] [URL /img/clients_icon.png] [WORKER PID 8171] [CLIENT SOCKET 46]
[2021-05-26 23:24:30.364762] [info] Connection finished successfully [WORKER PID 8170] [CLIENT SOCKET 27]
[2021-05-26 23:24:30.371989] [info] New connection [METHOD GET] [URL /img/red_line.png] [WORKER PID 8170] [CLIENT SOCKET 27]
[2021-05-26 23:24:30.372810] [info] Connection finished successfully [WORKER PID 8170] [CLIENT SOCKET 27]
[2021-05-26 23:24:30.373131] [info] Connection finished successfully [WORKER PID 8171] [CLIENT SOCKET 46]
[2021-05-26 23:24:30.373357] [info] New connection [METHOD GET] [URL /img/button2.png] [WORKER PID 8171] [CLIENT SOCKET 46]
[2021-05-26 23:24:30.373031] [info] New connection [METHOD GET] [URL /img/decision_background.png] [WORKER PID 8170] [CLIENT SOCKET 27]
[2021-05-26 23:24:30.375494] [info] Connection finished successfully [WORKER PID 8171] [CLIENT SOCKET 46]
[2021-05-26 23:24:30.387929] [info] New connection [METHOD GET] [URL /img/arrow_left2.png] [WORKER PID 8171] [CLIENT SOCKET 46]
[2021-05-26 23:24:30.388868] [info] Connection finished successfully [WORKER PID 8171] [CLIENT SOCKET 46]
[2021-05-26 23:24:30.389088] [info] New connection [METHOD GET] [URL /img/arrow_right2.png] [WORKER PID 8171] [CLIENT SOCKET 46]
[2021-05-26 23:24:30.389954] [info] Connection finished successfully [WORKER PID 8171] [CLIENT SOCKET 46]
[2021-05-26 23:24:30.396442] [info] New connection [METHOD GET] [URL /img/project_background.jpg] [WORKER PID 8171] [CLIENT SOCKET 46]
[2021-05-26 23:24:30.568453] [info] Connection finished successfully [WORKER PID 8171] [CLIENT SOCKET 46]
[2021-05-26 23:24:30.568726] [info] New connection [METHOD GET] [URL /img/news_head_photo.png] [WORKER PID 8171] [CLIENT SOCKET 46]
[2021-05-26 23:24:30.853481] [info] Connection finished successfully [WORKER PID 8170] [CLIENT SOCKET 27]
[2021-05-26 23:24:30.853745] [info] New connection [METHOD GET] [URL /img/all_news_button.png] [WORKER PID 8170] [CLIENT SOCKET 27]
[2021-05-26 23:24:30.856360] [info] Connection finished successfully [WORKER PID 8170] [CLIENT SOCKET 27]
[2021-05-26 23:24:30.868893] [info] New connection [METHOD GET] [URL /img/all_place_button.png] [WORKER PID 8170] [CLIENT SOCKET 27]
[2021-05-26 23:24:30.871423] [info] Connection finished successfully [WORKER PID 8170] [CLIENT SOCKET 27]
[2021-05-26 23:24:30.880850] [info] New connection [METHOD GET] [URL /fonts/Gilroy-Light.ttf] [WORKER PID 8170] [CLIENT SOCKET 27]
[2021-05-26 23:24:30.881343] [error] 404 NOT FOUND [WORKER PID 8170] [CLIENT SOCKET 27]
[2021-05-26 23:24:30.881600] [info] Connection finished successfully [WORKER PID 8170] [CLIENT SOCKET 27]
[2021-05-26 23:24:30.884626] [info] New connection [METHOD GET] [URL /img/vacansies_background.png] [WORKER PID 8170] [CLIENT SOCKET 27]
[2021-05-26 23:24:31.116951] [info] Connection finished successfully [WORKER PID 8171] [CLIENT SOCKET 46]
[2021-05-26 23:24:31.117218] [info] New connection [METHOD GET] [URL /img/arrow_right3.png] [WORKER PID 8171] [CLIENT SOCKET 46]
[2021-05-26 23:24:31.118233] [info] Connection finished successfully [WORKER PID 8171] [CLIENT SOCKET 46]
[2021-05-26 23:24:31.123175] [info] New connection [METHOD GET] [URL /img/arrow_left3.png] [WORKER PID 8171] [CLIENT SOCKET 46]
[2021-05-26 23:24:31.124107] [info] Connection finished successfully [WORKER PID 8171] [CLIENT SOCKET 46]
[2021-05-26 23:24:31.130180] [info] New connection [METHOD GET] [URL /img/academy_background.png] [WORKER PID 8171] [CLIENT SOCKET 46]
[2021-05-26 23:24:31.193667] [info] Connection finished successfully [WORKER PID 8169] [CLIENT SOCKET 2]
[2021-05-26 23:24:31.193941] [info] New connection [METHOD GET] [URL /img/academy_img1.png] [WORKER PID 8169] [CLIENT SOCKET 2]
[2021-05-26 23:24:31.388773] [info] Connection finished successfully [WORKER PID 8170] [CLIENT SOCKET 27]
[2021-05-26 23:24:31.389033] [info] New connection [METHOD GET] [URL /img/academy_img2.png] [WORKER PID 8170] [CLIENT SOCKET 27]
[2021-05-26 23:24:31.435724] [info] Connection finished successfully [WORKER PID 8169] [CLIENT SOCKET 2]
[2021-05-26 23:24:31.435981] [info] New connection [METHOD GET] [URL /img/arrow_left4.png] [WORKER PID 8169] [CLIENT SOCKET 2]
[2021-05-26 23:24:31.436862] [info] Connection finished successfully [WORKER PID 8169] [CLIENT SOCKET 2]
[2021-05-26 23:24:31.660220] [info] Connection finished successfully [WORKER PID 8170] [CLIENT SOCKET 27]
[2021-05-26 23:24:31.660507] [info] New connection [METHOD GET] [URL /img/arrow_right4.png] [WORKER PID 8170] [CLIENT SOCKET 27]
[2021-05-26 23:24:31.661400] [info] Connection finished successfully [WORKER PID 8170] [CLIENT SOCKET 27]
[2021-05-26 23:24:31.904305] [info] Connection finished successfully [WORKER PID 8171] [CLIENT SOCKET 46]
[2021-05-26 23:24:31.904760] [info] New connection [METHOD GET] [URL /img/our_offices.png] [WORKER PID 8171] [CLIENT SOCKET 46]
[2021-05-26 23:24:32.166324] [info] Connection finished successfully [WORKER PID 8171] [CLIENT SOCKET 46]
[2021-05-26 23:27:31.978674] [warning] HARD SERVER STOP...
[2021-05-26 23:27:31.978758] [info] HARD STOP for worker DONE [WORKER PID 8170]
[2021-05-26 23:27:31.978776] [info] HARD STOP for worker DONE [WORKER PID 8169]
[2021-05-26 23:27:31.979214] [info] HARD STOP for worker DONE [WORKER PID 8171]
[2021-05-26 23:27:31.979497] [info] SERVER STOPPED
