[2021-05-19 02:04:13.083590] [info] SERVER STARTED!
[2021-05-19 02:04:13.084213] [info] Worker processes (3) successfully started
[2021-05-19 02:05:00.858438] [info] New connection [METHOD GET] [URL /] [WORKER PID 3081] [CLIENT SOCKET 3]
[2021-05-19 02:05:00.876440] [error] 404 NOT FOUND [WORKER PID 3081] [CLIENT SOCKET 3]
[2021-05-19 02:05:00.890852] [info] Connection finished successfully [WORKER PID 3081] [CLIENT SOCKET 3]
[2021-05-19 02:05:01.111588] [info] New connection [METHOD GET] [URL /favicon.ico] [WORKER PID 3082] [CLIENT SOCKET 3]
[2021-05-19 02:05:01.112185] [error] 404 NOT FOUND [WORKER PID 3082] [CLIENT SOCKET 3]
[2021-05-19 02:05:01.112352] [info] Connection finished successfully [WORKER PID 3082] [CLIENT SOCKET 3]
[2021-05-19 02:05:03.515965] [info] New connection [METHOD GET] [URL /] [WORKER PID 3082] [CLIENT SOCKET 3]
[2021-05-19 02:05:03.516437] [error] 404 NOT FOUND [WORKER PID 3082] [CLIENT SOCKET 3]
[2021-05-19 02:05:03.516597] [info] Connection finished successfully [WORKER PID 3082] [CLIENT SOCKET 3]
[2021-05-19 02:05:05.034177] [info] New connection [METHOD GET] [URL /] [WORKER PID 3082] [CLIENT SOCKET 3]
[2021-05-19 02:05:05.034673] [error] 404 NOT FOUND [WORKER PID 3082] [CLIENT SOCKET 3]
[2021-05-19 02:05:05.034855] [info] Connection finished successfully [WORKER PID 3082] [CLIENT SOCKET 3]
[2021-05-19 02:05:09.012471] [info] New connection [METHOD GET] [URL /] [WORKER PID 3082] [CLIENT SOCKET 3]
[2021-05-19 02:05:09.012925] [error] 404 NOT FOUND [WORKER PID 3082] [CLIENT SOCKET 3]
[2021-05-19 02:05:09.013082] [info] Connection finished successfully [WORKER PID 3082] [CLIENT SOCKET 3]
[2021-05-19 02:05:24.747464] [info] New connection [METHOD GET] [URL /index.html] [WORKER PID 3082] [CLIENT SOCKET 3]
[2021-05-19 02:05:24.771563] [info] Connection finished successfully [WORKER PID 3082] [CLIENT SOCKET 3]
[2021-05-19 02:05:24.816279] [info] New connection [METHOD GET] [URL /style.css] [WORKER PID 3081] [CLIENT SOCKET 3]
[2021-05-19 02:05:24.826856] [info] New connection [METHOD GET] [URL /fonts.css] [WORKER PID 3083] [CLIENT SOCKET 3]
[2021-05-19 02:05:24.841824] [info] Connection finished successfully [WORKER PID 3081] [CLIENT SOCKET 3]
[2021-05-19 02:05:24.845094] [info] Connection finished successfully [WORKER PID 3083] [CLIENT SOCKET 3]
[2021-05-19 02:05:24.875110] [info] New connection [METHOD GET] [URL /img/logo.png] [WORKER PID 3083] [CLIENT SOCKET 3]
[2021-05-19 02:05:24.878390] [info] New connection [METHOD GET] [URL /img/shield.png] [WORKER PID 3082] [CLIENT SOCKET 3]
[2021-05-19 02:05:24.886310] [info] New connection [METHOD GET] [URL /img/icon_projects.png] [WORKER PID 3081] [CLIENT SOCKET 3]
[2021-05-19 02:05:24.908739] [info] Connection finished successfully [WORKER PID 3082] [CLIENT SOCKET 3]
[2021-05-19 02:05:24.910235] [info] New connection [METHOD GET] [URL /img/red_line2.png] [WORKER PID 3082] [CLIENT SOCKET 3]
[2021-05-19 02:05:24.912648] [info] Connection finished successfully [WORKER PID 3081] [CLIENT SOCKET 3]
[2021-05-19 02:05:24.912991] [info] New connection [METHOD GET] [URL /img/project_block1.png] [WORKER PID 3081] [CLIENT SOCKET 6]
[2021-05-19 02:05:24.915211] [info] Connection finished successfully [WORKER PID 3083] [CLIENT SOCKET 3]
[2021-05-19 02:05:24.917661] [info] Connection finished successfully [WORKER PID 3082] [CLIENT SOCKET 3]
[2021-05-19 02:05:24.917929] [info] New connection [METHOD GET] [URL /img/team_photo1.png] [WORKER PID 3082] [CLIENT SOCKET 3]
[2021-05-19 02:05:24.918277] [info] New connection [METHOD GET] [URL /img/mail_icon.png] [WORKER PID 3083] [CLIENT SOCKET 3]
[2021-05-19 02:05:24.930022] [info] Connection finished successfully [WORKER PID 3083] [CLIENT SOCKET 3]
[2021-05-19 02:05:24.930333] [info] New connection [METHOD GET] [URL /img/team_photo2.png] [WORKER PID 3083] [CLIENT SOCKET 3]
[2021-05-19 02:05:24.963878] [info] Connection finished successfully [WORKER PID 3081] [CLIENT SOCKET 6]
[2021-05-19 02:05:24.964169] [info] New connection [METHOD GET] [URL /img/project_block2.png] [WORKER PID 3081] [CLIENT SOCKET 7]
[2021-05-19 02:05:24.977404] [info] Connection finished successfully [WORKER PID 3083] [CLIENT SOCKET 3]
[2021-05-19 02:05:24.977697] [info] New connection [METHOD GET] [URL /img/team_photo3.png] [WORKER PID 3083] [CLIENT SOCKET 3]
[2021-05-19 02:05:24.998898] [info] Connection finished successfully [WORKER PID 3081] [CLIENT SOCKET 7]
[2021-05-19 02:05:24.999170] [info] New connection [METHOD GET] [URL /img/project_block3.png] [WORKER PID 3081] [CLIENT SOCKET 8]
[2021-05-19 02:05:25.004947] [info] Connection finished successfully [WORKER PID 3082] [CLIENT SOCKET 3]
[2021-05-19 02:05:25.005221] [info] New connection [METHOD GET] [URL /img/red_line3.png] [WORKER PID 3082] [CLIENT SOCKET 3]
[2021-05-19 02:05:25.015268] [info] Connection finished successfully [WORKER PID 3082] [CLIENT SOCKET 3]
[2021-05-19 02:05:25.015571] [info] New connection [METHOD GET] [URL /img/books_icon.png] [WORKER PID 3082] [CLIENT SOCKET 3]
[2021-05-19 02:05:25.033672] [info] Connection finished successfully [WORKER PID 3081] [CLIENT SOCKET 8]
[2021-05-19 02:05:25.033966] [info] New connection [METHOD GET] [URL /img/home_icon.png] [WORKER PID 3081] [CLIENT SOCKET 8]
[2021-05-19 02:05:25.035486] [info] Connection finished successfully [WORKER PID 3081] [CLIENT SOCKET 8]
[2021-05-19 02:05:25.036355] [info] Connection finished successfully [WORKER PID 3082] [CLIENT SOCKET 3]
[2021-05-19 02:05:25.036607] [info] New connection [METHOD GET] [URL /img/rost_icon.png] [WORKER PID 3082] [CLIENT SOCKET 3]
[2021-05-19 02:05:25.040726] [info] Connection finished successfully [WORKER PID 3082] [CLIENT SOCKET 3]
[2021-05-19 02:05:25.041858] [info] Connection finished successfully [WORKER PID 3083] [CLIENT SOCKET 3]
[2021-05-19 02:05:25.042160] [info] New connection [METHOD GET] [URL /img/logo2.png] [WORKER PID 3083] [CLIENT SOCKET 3]
[2021-05-19 02:05:25.053150] [info] New connection [METHOD GET] [URL /img/button4.png] [WORKER PID 3082] [CLIENT SOCKET 3]
[2021-05-19 02:05:25.054776] [info] Connection finished successfully [WORKER PID 3083] [CLIENT SOCKET 3]
[2021-05-19 02:05:25.055075] [info] New connection [METHOD GET] [URL /img/button1.png] [WORKER PID 3083] [CLIENT SOCKET 3]
[2021-05-19 02:05:25.055428] [info] New connection [METHOD GET] [URL /img/arrows_left.png] [WORKER PID 3081] [CLIENT SOCKET 8]
[2021-05-19 02:05:25.059424] [info] Connection finished successfully [WORKER PID 3082] [CLIENT SOCKET 3]
[2021-05-19 02:05:25.059820] [info] New connection [METHOD GET] [URL /img/clients_icon.png] [WORKER PID 3082] [CLIENT SOCKET 15]
[2021-05-19 02:05:25.069911] [info] Connection finished successfully [WORKER PID 3083] [CLIENT SOCKET 3]
[2021-05-19 02:05:25.070268] [info] New connection [METHOD GET] [URL /img/arrows_right.png] [WORKER PID 3083] [CLIENT SOCKET 3]
[2021-05-19 02:05:25.087532] [info] Connection finished successfully [WORKER PID 3082] [CLIENT SOCKET 15]
[2021-05-19 02:05:25.087884] [info] Connection finished successfully [WORKER PID 3083] [CLIENT SOCKET 3]
[2021-05-19 02:05:25.087905] [info] New connection [METHOD GET] [URL /img/header_background.jpg] [WORKER PID 3082] [CLIENT SOCKET 16]
[2021-05-19 02:05:25.088137] [info] New connection [METHOD GET] [URL /img/decision_background.png] [WORKER PID 3083] [CLIENT SOCKET 3]
[2021-05-19 02:05:25.094706] [info] Connection finished successfully [WORKER PID 3081] [CLIENT SOCKET 8]
[2021-05-19 02:05:25.095058] [info] New connection [METHOD GET] [URL /img/button2.png] [WORKER PID 3081] [CLIENT SOCKET 8]
[2021-05-19 02:05:25.098956] [info] Connection finished successfully [WORKER PID 3081] [CLIENT SOCKET 8]
[2021-05-19 02:05:25.099226] [info] New connection [METHOD GET] [URL /img/arrow_left2.png] [WORKER PID 3081] [CLIENT SOCKET 8]
[2021-05-19 02:05:25.123005] [info] Connection finished successfully [WORKER PID 3081] [CLIENT SOCKET 8]
[2021-05-19 02:05:25.123328] [info] New connection [METHOD GET] [URL /img/arrow_right2.png] [WORKER PID 3081] [CLIENT SOCKET 8]
[2021-05-19 02:05:25.133428] [info] Connection finished successfully [WORKER PID 3081] [CLIENT SOCKET 8]
[2021-05-19 02:05:25.133860] [info] New connection [METHOD GET] [URL /img/project_background.jpg] [WORKER PID 3081] [CLIENT SOCKET 8]
[2021-05-19 02:05:25.382244] [info] Connection finished successfully [WORKER PID 3081] [CLIENT SOCKET 8]
[2021-05-19 02:05:25.382556] [info] New connection [METHOD GET] [URL /img/news_head_photo.png] [WORKER PID 3081] [CLIENT SOCKET 8]
[2021-05-19 02:05:25.769067] [info] Connection finished successfully [WORKER PID 3082] [CLIENT SOCKET 16]
[2021-05-19 02:05:25.769880] [info] New connection [METHOD GET] [URL /img/red_line.png] [WORKER PID 3082] [CLIENT SOCKET 15]
[2021-05-19 02:05:25.771110] [info] Connection finished successfully [WORKER PID 3082] [CLIENT SOCKET 15]
[2021-05-19 02:05:25.771349] [info] New connection [METHOD GET] [URL /img/all_news_button.png] [WORKER PID 3082] [CLIENT SOCKET 16]
[2021-05-19 02:05:25.774551] [info] Connection finished successfully [WORKER PID 3082] [CLIENT SOCKET 16]
[2021-05-19 02:05:25.774835] [info] New connection [METHOD GET] [URL /fonts/Gilroy-Bold.otf] [WORKER PID 3082] [CLIENT SOCKET 16]
[2021-05-19 02:05:25.775275] [error] 404 NOT FOUND [WORKER PID 3082] [CLIENT SOCKET 16]
[2021-05-19 02:05:25.775488] [info] Connection finished successfully [WORKER PID 3082] [CLIENT SOCKET 16]
[2021-05-19 02:05:25.793427] [info] New connection [METHOD GET] [URL /fonts/Gilroy-Light.woff] [WORKER PID 3082] [CLIENT SOCKET 16]
[2021-05-19 02:05:25.794200] [error] 404 NOT FOUND [WORKER PID 3082] [CLIENT SOCKET 16]
[2021-05-19 02:05:25.794405] [info] Connection finished successfully [WORKER PID 3082] [CLIENT SOCKET 16]
[2021-05-19 02:05:25.808457] [info] Connection finished successfully [WORKER PID 3081] [CLIENT SOCKET 8]
[2021-05-19 02:05:25.812622] [info] New connection [METHOD GET] [URL /fonts/Gilroy-Regular.otf] [WORKER PID 3082] [CLIENT SOCKET 16]
[2021-05-19 02:05:25.812622] [info] New connection [METHOD GET] [URL /fonts/Gilroy-Medium.otf] [WORKER PID 3081] [CLIENT SOCKET 8]
[2021-05-19 02:05:25.813104] [error] 404 NOT FOUND [WORKER PID 3082] [CLIENT SOCKET 16]
[2021-05-19 02:05:25.813113] [error] 404 NOT FOUND [WORKER PID 3081] [CLIENT SOCKET 8]
[2021-05-19 02:05:25.813321] [info] Connection finished successfully [WORKER PID 3082] [CLIENT SOCKET 16]
[2021-05-19 02:05:25.813351] [info] Connection finished successfully [WORKER PID 3081] [CLIENT SOCKET 8]
[2021-05-19 02:05:25.813544] [info] New connection [METHOD GET] [URL /fonts/Gilroy-SemiBold.otf] [WORKER PID 3082] [CLIENT SOCKET 22]
[2021-05-19 02:05:25.813599] [info] New connection [METHOD GET] [URL /img/all_place_button.png] [WORKER PID 3081] [CLIENT SOCKET 8]
[2021-05-19 02:05:25.813958] [error] 404 NOT FOUND [WORKER PID 3082] [CLIENT SOCKET 22]
[2021-05-19 02:05:25.814192] [info] Connection finished successfully [WORKER PID 3082] [CLIENT SOCKET 22]
[2021-05-19 02:05:25.814435] [info] New connection [METHOD GET] [URL /img/vacansies_background.png] [WORKER PID 3082] [CLIENT SOCKET 22]
[2021-05-19 02:05:25.838072] [info] Connection finished successfully [WORKER PID 3083] [CLIENT SOCKET 3]
[2021-05-19 02:05:25.838514] [info] New connection [METHOD GET] [URL /img/arrow_right3.png] [WORKER PID 3083] [CLIENT SOCKET 3]
[2021-05-19 02:05:25.846752] [info] Connection finished successfully [WORKER PID 3083] [CLIENT SOCKET 3]
[2021-05-19 02:05:25.847186] [info] Connection finished successfully [WORKER PID 3081] [CLIENT SOCKET 8]
[2021-05-19 02:05:25.847437] [info] New connection [METHOD GET] [URL /img/arrow_left3.png] [WORKER PID 3081] [CLIENT SOCKET 8]
[2021-05-19 02:05:25.849260] [info] New connection [METHOD GET] [URL /img/academy_background.png] [WORKER PID 3083] [CLIENT SOCKET 3]
[2021-05-19 02:05:25.851896] [info] Connection finished successfully [WORKER PID 3081] [CLIENT SOCKET 8]
[2021-05-19 02:05:25.856933] [info] New connection [METHOD GET] [URL /img/academy_img1.png] [WORKER PID 3081] [CLIENT SOCKET 8]
[2021-05-19 02:05:26.335961] [info] Connection finished successfully [WORKER PID 3081] [CLIENT SOCKET 8]
[2021-05-19 02:05:26.336278] [info] New connection [METHOD GET] [URL /img/academy_img2.png] [WORKER PID 3081] [CLIENT SOCKET 8]
[2021-05-19 02:05:26.512840] [info] Connection finished successfully [WORKER PID 3082] [CLIENT SOCKET 22]
[2021-05-19 02:05:26.514485] [info] New connection [METHOD GET] [URL /img/arrow_left4.png] [WORKER PID 3082] [CLIENT SOCKET 22]
[2021-05-19 02:05:26.520835] [info] Connection finished successfully [WORKER PID 3082] [CLIENT SOCKET 22]
[2021-05-19 02:05:26.521126] [info] New connection [METHOD GET] [URL /img/arrow_right4.png] [WORKER PID 3082] [CLIENT SOCKET 22]
[2021-05-19 02:05:26.528100] [info] Connection finished successfully [WORKER PID 3082] [CLIENT SOCKET 22]
[2021-05-19 02:05:26.598210] [info] Connection finished successfully [WORKER PID 3083] [CLIENT SOCKET 3]
[2021-05-19 02:05:26.598503] [info] New connection [METHOD GET] [URL /fonts/Gilroy-Light.ttf] [WORKER PID 3083] [CLIENT SOCKET 3]
[2021-05-19 02:05:26.598983] [error] 404 NOT FOUND [WORKER PID 3083] [CLIENT SOCKET 3]
[2021-05-19 02:05:26.599215] [info] Connection finished successfully [WORKER PID 3083] [CLIENT SOCKET 3]
[2021-05-19 02:05:26.725339] [info] Connection finished successfully [WORKER PID 3081] [CLIENT SOCKET 8]
[2021-05-19 02:05:26.725627] [info] New connection [METHOD GET] [URL /img/our_offices.png] [WORKER PID 3081] [CLIENT SOCKET 8]
[2021-05-19 02:05:26.994962] [info] Connection finished successfully [WORKER PID 3081] [CLIENT SOCKET 8]
[2021-05-19 02:10:45.723097] [warning] SOFT SERVER STOP...
[2021-05-19 02:10:45.723268] [info] SOFT STOP for worker START [WORKER PID 3082]
[2021-05-19 02:10:45.723297] [info] SOFT STOP for worker DONE [WORKER PID 3082]
[2021-05-19 02:10:45.723535] [info] SOFT STOP for worker START [WORKER PID 3083]
[2021-05-19 02:10:45.723566] [info] SOFT STOP for worker DONE [WORKER PID 3083]
[2021-05-19 02:10:45.723749] [info] SOFT STOP for worker START [WORKER PID 3081]
[2021-05-19 02:10:45.723776] [info] SOFT STOP for worker DONE [WORKER PID 3081]
